build/app/outputs/mapping/release/mapping.txt
# compiler: R8
# compiler_version: 1.5.64
# min_api: 21
# pg_map_id: 986b49d
...
io.grpc.internal.ManagedChannelImpl$SubchannelImpl$1ManagedInternalSubchannelCallback -> d.b.k1.c1$y$b:
    io.grpc.internal.ManagedChannelImpl$SubchannelImpl this$1 -> b
    io.grpc.LoadBalancer$SubchannelStateListener val$listener -> a
    void onInUse(io.grpc.internal.InternalSubchannel) -> a
    void onStateChange(io.grpc.internal.InternalSubchannel,io.grpc.ConnectivityStateInfo) -> a
    void onNotInUse(io.grpc.internal.InternalSubchannel) -> b
    void onTerminated(io.grpc.internal.InternalSubchannel) -> c
io.grpc.internal.ManagedChannelImpl$SubchannelImpl$1ShutdownSubchannel -> d.b.k1.c1$y$c:
    io.grpc.internal.ManagedChannelImpl$SubchannelImpl this$1 -> b
io.grpc.internal.ManagedChannelImpl$SubchannelImpl$2 -> d.b.k1.c1$y$d:
    io.grpc.internal.ManagedChannelImpl$SubchannelImpl this$1 -> c
    io.grpc.internal.InternalSubchannel val$internalSubchannel -> b
io.grpc.internal.ManagedChannelImpl$SubchannelImpl$3 -> d.b.k1.c1$y$e:
    io.grpc.internal.ManagedChannelImpl$SubchannelImpl this$1 -> b
io.grpc.internal.ManagedChannelImpl$UncommittedRetriableStreamsRegistry -> d.b.k1.c1$z:
    java.util.Collection uncommittedRetriableStreams -> b
    io.grpc.Status shutdownStatus -> c
    java.lang.Object lock -> a
    io.grpc.internal.ManagedChannelImpl this$0 -> d
    io.grpc.Status add(io.grpc.internal.RetriableStream) -> a
    void onShutdown(io.grpc.Status) -> a
    void onShutdownNow(io.grpc.Status) -> b
    void remove(io.grpc.internal.RetriableStream) -> b
io.grpc.internal.ManagedChannelOrphanWrapper -> d.b.k1.d1:
    io.grpc.internal.ManagedChannelOrphanWrapper$ManagedChannelReference phantom -> b
    java.lang.ref.ReferenceQueue refqueue -> c
    java.util.logging.Logger logger -> e
    java.util.concurrent.ConcurrentMap refs -> d
    io.grpc.ManagedChannel shutdown() -> e
    io.grpc.ManagedChannel shutdownNow() -> f
    java.util.logging.Logger access$100() -> g
io.grpc.internal.ManagedChannelOrphanWrapper$ManagedChannelReference -> d.b.k1.d1$a:
    java.lang.RuntimeException missingCallSite -> g
    java.lang.ref.Reference allocationSite -> d
    boolean shutdown -> e
    boolean ENABLE_ALLOCATION_TRACKING -> f
    java.lang.String channelStr -> c
    java.util.concurrent.ConcurrentMap refs -> b
    java.lang.ref.ReferenceQueue refqueue -> a
    boolean access$002(io.grpc.internal.ManagedChannelOrphanWrapper$ManagedChannelReference,boolean) -> a
    int cleanQueue(java.lang.ref.ReferenceQueue) -> a
    void clearInternal() -> a
    java.lang.RuntimeException missingCallSite() -> b
io.grpc.internal.ManagedChannelServiceConfig -> d.b.k1.e1:
    java.util.Map serviceMethodMap -> a
    java.util.Map serviceMap -> b
    java.lang.Object loadBalancingConfig -> d
    io.grpc.internal.RetriableStream$Throttle retryThrottling -> c
    io.grpc.internal.ManagedChannelServiceConfig fromServiceConfig(java.util.Map,boolean,int,int,java.lang.Object) -> a
    java.lang.Object getLoadBalancingConfig() -> a
    io.grpc.internal.RetriableStream$Throttle getRetryThrottling() -> b
    java.util.Map getServiceMap() -> c
    java.util.Map getServiceMethodMap() -> d
    io.grpc.internal.ManagedChannelServiceConfig empty() -> e
io.grpc.internal.ManagedChannelServiceConfig$MethodInfo -> d.b.k1.e1$a:
    java.lang.Integer maxInboundMessageSize -> c
    io.grpc.internal.RetryPolicy retryPolicy -> e
    java.lang.Integer maxOutboundMessageSize -> d
    java.lang.Long timeoutNanos -> a
    io.grpc.internal.HedgingPolicy hedgingPolicy -> f
    java.lang.Boolean waitForReady -> b
    io.grpc.internal.HedgingPolicy hedgingPolicy(java.util.Map,int) -> a
    io.grpc.internal.RetryPolicy retryPolicy(java.util.Map,int) -> b
io.grpc.internal.ManagedClientTransport -> d.b.k1.f1:
    void shutdownNow(io.grpc.Status) -> a
    java.lang.Runnable start(io.grpc.internal.ManagedClientTransport$Listener) -> a
    void shutdown(io.grpc.Status) -> b